New log file opened at Wed Feb 24 13:43:07 CST 2016 by 28104@foamliu-desk-01
Taking next connection to: 4567
New client attempting to connect on port: 4568-4567
  Address = /169.254.80.80:4567
This client on port 4568 has uuid 8ae38a1e-8114-4afe-8f0c-718b7afaaf05 configName activator humanReadableName Activator protocolVersion 3 featureTags Vector()
Connected Clients: activator-8ae38a1e-8114-4afe-8f0c-718b7afaaf05
Taking next connection to: 4567
Checking to see if clients are empty...
We have 1 non-daemon clients, continuing serving connections.
Taking next connection to: 4567
Checking to see if clients are empty...
We have 1 non-daemon clients, continuing serving connections.
Taking next connection to: 4567
New client attempting to connect on port: 5398-4567
  Address = /169.254.80.80:4567
Handshake exception on socket: 5398
sbt.impl.ipc.HandshakeException: Unable to perform handshake
	at sbt.impl.ipc.Peer.handshake(IPC.scala:46)
	at sbt.impl.ipc.MultiClientServer.<init>(IPC.scala:150)
	at sbt.server.SbtServerSocketHandler$$anon$1.run(SbtServerSocketHandler.scala:43)
Caused by: java.net.SocketException: Software caused connection abort: recv failed
	at java.net.SocketInputStream.socketRead0(Native Method)
	at java.net.SocketInputStream.socketRead(SocketInputStream.java:116)
	at java.net.SocketInputStream.read(SocketInputStream.java:170)
	at java.net.SocketInputStream.read(SocketInputStream.java:141)
	at java.io.BufferedInputStream.fill(BufferedInputStream.java:246)
	at java.io.BufferedInputStream.read(BufferedInputStream.java:265)
	at java.io.DataInputStream.readInt(DataInputStream.java:387)
	at sbt.impl.ipc.Peer.receive(IPC.scala:95)
	at sbt.impl.ipc.Peer.handshake(IPC.scala:49)
	... 2 more
Taking next connection to: 4567
New client attempting to connect on port: 5399-4567
  Address = /169.254.80.80:4567
This client on port 5399 has uuid 185ff2cf-2193-4ea1-861e-5c04d7458c57 configName play-fork-run humanReadableName Play Fork Run protocolVersion 1 featureTags Vector()
Connected Clients: activator-8ae38a1e-8114-4afe-8f0c-718b7afaaf05, play-fork-run-185ff2cf-2193-4ea1-861e-5c04d7458c57
Taking next connection to: 4567
Checking to see if clients are empty...
We have 1 non-daemon clients, continuing serving connections.
Taking next connection to: 4567
